2019-05-26 20:52:22,449 [Worker-4: Loading available Gradle versions] INFO  o.e.b.c.i.u.g.PublishedGradleVersions - Gradle version information cache is up-to-date. Trying to read.
2019-05-26 21:29:20,611 [Worker-2: Loading available Gradle versions] INFO  o.e.b.c.i.u.g.PublishedGradleVersions - Gradle version information cache is up-to-date. Trying to read.
2019-05-26 21:36:29,561 [Worker-4: Loading available Gradle versions] INFO  o.e.b.c.i.u.g.PublishedGradleVersions - Gradle version information cache is up-to-date. Trying to read.
2019-05-27 11:03:56,184 [Worker-5: Loading available Gradle versions] INFO  o.e.b.c.i.u.g.PublishedGradleVersions - Gradle version information cache is up-to-date. Trying to read.
2019-05-27 14:34:28,847 [Worker-1: Loading available Gradle versions] INFO  o.e.b.c.i.u.g.PublishedGradleVersions - Gradle version information cache is out-of-date. Trying to update.
2019-05-27 19:30:56,510 [Worker-7: Loading available Gradle versions] INFO  o.e.b.c.i.u.g.PublishedGradleVersions - Gradle version information cache is up-to-date. Trying to read.
2019-05-28 07:18:36,080 [Worker-5: Loading available Gradle versions] INFO  o.e.b.c.i.u.g.PublishedGradleVersions - Gradle version information cache is up-to-date. Trying to read.
2019-05-28 08:29:59,734 [Worker-0: Loading available Gradle versions] INFO  o.e.b.c.i.u.g.PublishedGradleVersions - Gradle version information cache is up-to-date. Trying to read.
2019-05-28 08:57:25,686 [Worker-4: Loading available Gradle versions] INFO  o.e.b.c.i.u.g.PublishedGradleVersions - Gradle version information cache is up-to-date. Trying to read.
2019-05-29 17:23:34,826 [Worker-5: Loading available Gradle versions] INFO  o.e.b.c.i.u.g.PublishedGradleVersions - Gradle version information cache is up-to-date. Trying to read.
2019-05-29 19:53:34,468 [Worker-3: Loading available Gradle versions] INFO  o.e.b.c.i.u.g.PublishedGradleVersions - Gradle version information cache is up-to-date. Trying to read.
2019-05-30 07:06:20,776 [Worker-3: Loading available Gradle versions] INFO  o.e.b.c.i.u.g.PublishedGradleVersions - Gradle version information cache is up-to-date. Trying to read.
2019-05-30 10:40:01,417 [Worker-2: Loading available Gradle versions] INFO  o.e.b.c.i.u.g.PublishedGradleVersions - Gradle version information cache is up-to-date. Trying to read.
2019-05-30 21:04:29,501 [Worker-0: Loading available Gradle versions] INFO  o.e.b.c.i.u.g.PublishedGradleVersions - Gradle version information cache is up-to-date. Trying to read.
2019-05-31 15:22:01,114 [Worker-4: Loading available Gradle versions] INFO  o.e.b.c.i.u.g.PublishedGradleVersions - Gradle version information cache is up-to-date. Trying to read.
2019-05-31 15:47:18,173 [Worker-3: Loading available Gradle versions] INFO  o.e.b.c.i.u.g.PublishedGradleVersions - Gradle version information cache is up-to-date. Trying to read.
2019-05-31 15:49:54,761 [main] ERROR o.e.m.w.i.WTPResourcesContentProvider - Error getting pipelined children : Resource '/Workshop_2' does not exist.
org.eclipse.core.internal.resources.ResourceException: Resource '/Workshop_2' does not exist.
	at org.eclipse.core.internal.resources.Resource.checkExists(Resource.java:330) ~[na:na]
	at org.eclipse.core.internal.resources.Resource.checkAccessible(Resource.java:204) ~[na:na]
	at org.eclipse.core.internal.resources.Project.checkAccessible(Project.java:145) ~[na:na]
	at org.eclipse.core.internal.resources.Project.hasNature(Project.java:540) ~[na:na]
	at org.eclipse.m2e.wtp.internal.WTPResourcesContentProvider.getPipelinedChildren(WTPResourcesContentProvider.java:75) ~[na:na]
	at org.eclipse.ui.internal.navigator.extensions.SafeDelegateTreeContentProvider.getPipelinedChildren(SafeDelegateTreeContentProvider.java:175) [org.eclipse.ui.navigator_3.7.400.v20190218-2049.jar:na]
	at org.eclipse.ui.internal.navigator.NavigatorContentServiceContentProvider.pipelineChildren(NavigatorContentServiceContentProvider.java:213) [org.eclipse.ui.navigator_3.7.400.v20190218-2049.jar:na]
	at org.eclipse.ui.internal.navigator.NavigatorContentServiceContentProvider.access$1(NavigatorContentServiceContentProvider.java:201) [org.eclipse.ui.navigator_3.7.400.v20190218-2049.jar:na]
	at org.eclipse.ui.internal.navigator.NavigatorContentServiceContentProvider$1.run(NavigatorContentServiceContentProvider.java:169) [org.eclipse.ui.navigator_3.7.400.v20190218-2049.jar:na]
	at org.eclipse.core.runtime.SafeRunner.run(SafeRunner.java:45) [org.eclipse.equinox.common_3.10.300.v20190218-2100.jar:na]
	at org.eclipse.ui.internal.navigator.NavigatorContentServiceContentProvider.internalGetChildren(NavigatorContentServiceContentProvider.java:146) [org.eclipse.ui.navigator_3.7.400.v20190218-2049.jar:na]
	at org.eclipse.ui.internal.navigator.NavigatorContentServiceContentProvider.getChildren(NavigatorContentServiceContentProvider.java:132) [org.eclipse.ui.navigator_3.7.400.v20190218-2049.jar:na]
	at org.eclipse.jface.viewers.AbstractTreeViewer.getRawChildren(AbstractTreeViewer.java:1415) [org.eclipse.jface_3.15.100.v20190222-1334.jar:na]
	at org.eclipse.jface.viewers.TreeViewer.getRawChildren(TreeViewer.java:350) [org.eclipse.jface_3.15.100.v20190222-1334.jar:na]
	at org.eclipse.jface.viewers.StructuredViewer.getFilteredChildren(StructuredViewer.java:903) [org.eclipse.jface_3.15.100.v20190222-1334.jar:na]
	at org.eclipse.jface.viewers.AbstractTreeViewer.getSortedChildren(AbstractTreeViewer.java:621) [org.eclipse.jface_3.15.100.v20190222-1334.jar:na]
	at org.eclipse.jface.viewers.AbstractTreeViewer.createChildren(AbstractTreeViewer.java:813) [org.eclipse.jface_3.15.100.v20190222-1334.jar:na]
	at org.eclipse.jface.viewers.TreeViewer.createChildren(TreeViewer.java:604) [org.eclipse.jface_3.15.100.v20190222-1334.jar:na]
	at org.eclipse.jface.viewers.AbstractTreeViewer.createChildren(AbstractTreeViewer.java:766) [org.eclipse.jface_3.15.100.v20190222-1334.jar:na]
	at org.eclipse.jface.viewers.AbstractTreeViewer.setExpandedState(AbstractTreeViewer.java:2514) [org.eclipse.jface_3.15.100.v20190222-1334.jar:na]
	at org.eclipse.wst.jsdt.internal.ui.navigator.OpenAndExpand.expand(OpenAndExpand.java:260) [org.eclipse.wst.jsdt.ui_2.0.301.v201710051729.jar:na]
	at org.eclipse.wst.jsdt.internal.ui.navigator.OpenAndExpand.run(OpenAndExpand.java:46) [org.eclipse.wst.jsdt.ui_2.0.301.v201710051729.jar:na]
	at org.eclipse.ui.actions.RetargetAction.run(RetargetAction.java:218) [org.eclipse.ui.workbench_3.113.0.v20190219-1432.jar:na]
	at org.eclipse.ui.navigator.CommonNavigatorManager$1.open(CommonNavigatorManager.java:183) [org.eclipse.ui.navigator_3.7.400.v20190218-2049.jar:na]
	at org.eclipse.ui.OpenAndLinkWithEditorHelper$InternalListener.open(OpenAndLinkWithEditorHelper.java:49) [org.eclipse.ui.workbench_3.113.0.v20190219-1432.jar:na]
	at org.eclipse.jface.viewers.StructuredViewer$2.run(StructuredViewer.java:853) [org.eclipse.jface_3.15.100.v20190222-1334.jar:na]
	at org.eclipse.core.runtime.SafeRunner.run(SafeRunner.java:45) [org.eclipse.equinox.common_3.10.300.v20190218-2100.jar:na]
	at org.eclipse.ui.internal.JFaceUtil.lambda$0(JFaceUtil.java:47) [org.eclipse.ui.workbench_3.113.0.v20190219-1432.jar:na]
	at org.eclipse.jface.util.SafeRunnable.run(SafeRunnable.java:176) ~[org.eclipse.jface_3.15.100.v20190222-1334.jar:na]
	at org.eclipse.jface.viewers.StructuredViewer.fireOpen(StructuredViewer.java:850) [org.eclipse.jface_3.15.100.v20190222-1334.jar:na]
	at org.eclipse.jface.viewers.StructuredViewer.handleOpen(StructuredViewer.java:1165) [org.eclipse.jface_3.15.100.v20190222-1334.jar:na]
	at org.eclipse.ui.navigator.CommonViewer.handleOpen(CommonViewer.java:454) ~[na:na]
	at org.eclipse.jface.util.OpenStrategy.fireOpenEvent(OpenStrategy.java:277) ~[org.eclipse.jface_3.15.100.v20190222-1334.jar:na]
	at org.eclipse.jface.util.OpenStrategy.access$2(OpenStrategy.java:272) ~[org.eclipse.jface_3.15.100.v20190222-1334.jar:na]
	at org.eclipse.jface.util.OpenStrategy$1.handleEvent(OpenStrategy.java:312) ~[org.eclipse.jface_3.15.100.v20190222-1334.jar:na]
	at org.eclipse.swt.widgets.EventTable.sendEvent(EventTable.java:89) ~[org.eclipse.swt.win32.win32.x86_64_3.110.0.v20190305-0602.jar:na]
	at org.eclipse.swt.widgets.Display.sendEvent(Display.java:4131) ~[org.eclipse.swt.win32.win32.x86_64_3.110.0.v20190305-0602.jar:na]
	at org.eclipse.swt.widgets.Widget.sendEvent(Widget.java:1055) ~[org.eclipse.swt.win32.win32.x86_64_3.110.0.v20190305-0602.jar:na]
	at org.eclipse.swt.widgets.Display.runDeferredEvents(Display.java:3944) ~[org.eclipse.swt.win32.win32.x86_64_3.110.0.v20190305-0602.jar:na]
	at org.eclipse.swt.widgets.Display.readAndDispatch(Display.java:3547) ~[org.eclipse.swt.win32.win32.x86_64_3.110.0.v20190305-0602.jar:na]
	at org.eclipse.e4.ui.internal.workbench.swt.PartRenderingEngine$5.run(PartRenderingEngine.java:1173) ~[org.eclipse.e4.ui.workbench.swt_0.14.500.v20190214-0851.jar:na]
	at org.eclipse.core.databinding.observable.Realm.runWithDefault(Realm.java:338) ~[org.eclipse.core.databinding.observable_1.6.400.v20190218-2049.jar:na]
	at org.eclipse.e4.ui.internal.workbench.swt.PartRenderingEngine.run(PartRenderingEngine.java:1062) ~[org.eclipse.e4.ui.workbench.swt_0.14.500.v20190214-0851.jar:na]
	at org.eclipse.e4.ui.internal.workbench.E4Workbench.createAndRunUI(E4Workbench.java:155) ~[org.eclipse.e4.ui.workbench_1.9.0.v20190220-1356.jar:na]
	at org.eclipse.ui.internal.Workbench.lambda$3(Workbench.java:644) ~[org.eclipse.ui.workbench_3.113.0.v20190219-1432.jar:na]
	at org.eclipse.core.databinding.observable.Realm.runWithDefault(Realm.java:338) ~[org.eclipse.core.databinding.observable_1.6.400.v20190218-2049.jar:na]
	at org.eclipse.ui.internal.Workbench.createAndRunWorkbench(Workbench.java:566) ~[org.eclipse.ui.workbench_3.113.0.v20190219-1432.jar:na]
	at org.eclipse.ui.PlatformUI.createAndRunWorkbench(PlatformUI.java:150) ~[org.eclipse.ui.workbench_3.113.0.v20190219-1432.jar:na]
	at org.eclipse.ui.internal.ide.application.IDEApplication.start(IDEApplication.java:155) ~[na:na]
	at org.eclipse.equinox.internal.app.EclipseAppHandle.run(EclipseAppHandle.java:203) ~[org.eclipse.equinox.app_1.4.100.v20190215-2139.jar:na]
	at org.eclipse.core.runtime.internal.adaptor.EclipseAppLauncher.runApplication(EclipseAppLauncher.java:137) ~[org.eclipse.osgi_3.13.300.v20190218-1622.jar:na]
	at org.eclipse.core.runtime.internal.adaptor.EclipseAppLauncher.start(EclipseAppLauncher.java:107) ~[org.eclipse.osgi_3.13.300.v20190218-1622.jar:na]
	at org.eclipse.core.runtime.adaptor.EclipseStarter.run(EclipseStarter.java:400) ~[org.eclipse.osgi_3.13.300.v20190218-1622.jar:na]
	at org.eclipse.core.runtime.adaptor.EclipseStarter.run(EclipseStarter.java:255) ~[org.eclipse.osgi_3.13.300.v20190218-1622.jar:na]
	at sun.reflect.NativeMethodAccessorImpl.invoke0(Native Method) ~[na:1.8.0_211]
	at sun.reflect.NativeMethodAccessorImpl.invoke(Unknown Source) ~[na:1.8.0_211]
	at sun.reflect.DelegatingMethodAccessorImpl.invoke(Unknown Source) ~[na:1.8.0_211]
	at java.lang.reflect.Method.invoke(Unknown Source) ~[na:1.8.0_211]
	at org.eclipse.equinox.launcher.Main.invokeFramework(Main.java:661) ~[org.eclipse.equinox.launcher_1.5.300.v20190213-1655.jar:na]
	at org.eclipse.equinox.launcher.Main.basicRun(Main.java:597) ~[org.eclipse.equinox.launcher_1.5.300.v20190213-1655.jar:na]
	at org.eclipse.equinox.launcher.Main.run(Main.java:1476) ~[org.eclipse.equinox.launcher_1.5.300.v20190213-1655.jar:na]
Caused by: java.lang.Exception: Resource '/Workshop_2' does not exist.
	at org.eclipse.core.internal.resources.ResourceException.provideStackTrace(ResourceException.java:42) ~[na:na]
	at org.eclipse.core.internal.resources.ResourceException.<init>(ResourceException.java:38) ~[na:na]
	... 61 common frames omitted
2019-05-31 20:54:58,885 [Worker-5: Loading available Gradle versions] INFO  o.e.b.c.i.u.g.PublishedGradleVersions - Gradle version information cache is out-of-date. Trying to update.
2019-05-31 21:16:39,060 [Worker-0: Loading available Gradle versions] INFO  o.e.b.c.i.u.g.PublishedGradleVersions - Gradle version information cache is up-to-date. Trying to read.
2019-05-31 21:43:59,068 [Worker-2: Loading available Gradle versions] INFO  o.e.b.c.i.u.g.PublishedGradleVersions - Gradle version information cache is up-to-date. Trying to read.
2019-06-01 14:43:20,225 [Worker-1: Loading available Gradle versions] INFO  o.e.b.c.i.u.g.PublishedGradleVersions - Gradle version information cache is up-to-date. Trying to read.
2019-06-01 16:14:20,389 [Worker-2: Loading available Gradle versions] INFO  o.e.b.c.i.u.g.PublishedGradleVersions - Gradle version information cache is up-to-date. Trying to read.
2019-06-01 17:50:35,106 [Worker-2: Loading available Gradle versions] INFO  o.e.b.c.i.u.g.PublishedGradleVersions - Gradle version information cache is up-to-date. Trying to read.
2019-06-01 22:13:39,715 [Worker-0: Loading available Gradle versions] INFO  o.e.b.c.i.u.g.PublishedGradleVersions - Gradle version information cache is out-of-date. Trying to update.
2019-06-01 23:01:52,353 [Worker-1: Loading available Gradle versions] INFO  o.e.b.c.i.u.g.PublishedGradleVersions - Gradle version information cache is up-to-date. Trying to read.
2019-06-02 14:32:11,117 [Worker-2: Loading available Gradle versions] INFO  o.e.b.c.i.u.g.PublishedGradleVersions - Gradle version information cache is up-to-date. Trying to read.
2019-06-02 15:57:17,723 [Worker-4: Loading available Gradle versions] INFO  o.e.b.c.i.u.g.PublishedGradleVersions - Gradle version information cache is up-to-date. Trying to read.
2019-06-02 18:24:20,949 [Worker-5: Loading available Gradle versions] INFO  o.e.b.c.i.u.g.PublishedGradleVersions - Gradle version information cache is up-to-date. Trying to read.
2019-06-02 19:22:35,384 [Worker-4: Loading available Gradle versions] INFO  o.e.b.c.i.u.g.PublishedGradleVersions - Gradle version information cache is up-to-date. Trying to read.
2019-06-03 07:07:17,476 [Worker-6: Loading available Gradle versions] INFO  o.e.b.c.i.u.g.PublishedGradleVersions - Gradle version information cache is out-of-date. Trying to update.
2019-06-03 10:01:34,983 [Worker-0: Loading available Gradle versions] INFO  o.e.b.c.i.u.g.PublishedGradleVersions - Gradle version information cache is up-to-date. Trying to read.
2019-06-03 14:35:24,732 [Worker-7: Loading available Gradle versions] INFO  o.e.b.c.i.u.g.PublishedGradleVersions - Gradle version information cache is up-to-date. Trying to read.
2019-06-03 14:56:53,177 [Worker-1: Loading available Gradle versions] INFO  o.e.b.c.i.u.g.PublishedGradleVersions - Gradle version information cache is up-to-date. Trying to read.
2019-06-03 15:41:06,298 [Worker-4: Loading available Gradle versions] INFO  o.e.b.c.i.u.g.PublishedGradleVersions - Gradle version information cache is up-to-date. Trying to read.
2019-06-03 19:07:42,152 [Worker-0: Loading available Gradle versions] INFO  o.e.b.c.i.u.g.PublishedGradleVersions - Gradle version information cache is up-to-date. Trying to read.
2019-06-03 21:03:20,180 [Worker-2: Loading available Gradle versions] INFO  o.e.b.c.i.u.g.PublishedGradleVersions - Gradle version information cache is up-to-date. Trying to read.
2019-06-04 07:30:24,943 [Worker-4: Loading available Gradle versions] INFO  o.e.b.c.i.u.g.PublishedGradleVersions - Gradle version information cache is out-of-date. Trying to update.
2019-06-04 14:57:44,876 [Worker-0: Loading available Gradle versions] INFO  o.e.b.c.i.u.g.PublishedGradleVersions - Gradle version information cache is up-to-date. Trying to read.
2019-06-04 21:59:20,600 [Worker-0: Loading available Gradle versions] INFO  o.e.b.c.i.u.g.PublishedGradleVersions - Gradle version information cache is up-to-date. Trying to read.
2019-06-05 09:33:13,318 [Worker-5: Loading available Gradle versions] INFO  o.e.b.c.i.u.g.PublishedGradleVersions - Gradle version information cache is up-to-date. Trying to read.
2019-06-05 15:05:42,961 [Worker-3: Loading available Gradle versions] INFO  o.e.b.c.i.u.g.PublishedGradleVersions - Gradle version information cache is up-to-date. Trying to read.
2019-06-05 15:30:53,058 [Worker-4: Loading available Gradle versions] INFO  o.e.b.c.i.u.g.PublishedGradleVersions - Gradle version information cache is up-to-date. Trying to read.
2019-06-05 19:30:35,477 [Worker-1: Loading available Gradle versions] INFO  o.e.b.c.i.u.g.PublishedGradleVersions - Gradle version information cache is up-to-date. Trying to read.
2019-06-05 20:01:56,278 [Worker-2: Loading available Gradle versions] INFO  o.e.b.c.i.u.g.PublishedGradleVersions - Gradle version information cache is up-to-date. Trying to read.
2019-06-05 22:42:19,048 [Worker-0: Loading available Gradle versions] INFO  o.e.b.c.i.u.g.PublishedGradleVersions - Gradle version information cache is up-to-date. Trying to read.
2019-06-06 10:32:36,647 [Worker-1: Loading available Gradle versions] INFO  o.e.b.c.i.u.g.PublishedGradleVersions - Gradle version information cache is out-of-date. Trying to update.
2019-06-06 15:14:37,827 [Worker-4: Loading available Gradle versions] INFO  o.e.b.c.i.u.g.PublishedGradleVersions - Gradle version information cache is up-to-date. Trying to read.
2019-06-07 18:02:23,933 [Worker-7: Loading available Gradle versions] INFO  o.e.b.c.i.u.g.PublishedGradleVersions - Gradle version information cache is up-to-date. Trying to read.
2019-06-08 10:40:07,624 [Worker-2: Loading available Gradle versions] INFO  o.e.b.c.i.u.g.PublishedGradleVersions - Gradle version information cache is up-to-date. Trying to read.
2019-06-09 21:33:21,467 [Worker-2: Loading available Gradle versions] INFO  o.e.b.c.i.u.g.PublishedGradleVersions - Gradle version information cache is up-to-date. Trying to read.
2019-06-10 14:05:23,999 [Worker-2: Loading available Gradle versions] INFO  o.e.b.c.i.u.g.PublishedGradleVersions - Gradle version information cache is up-to-date. Trying to read.
2019-06-10 18:11:08,667 [Worker-6: Loading available Gradle versions] INFO  o.e.b.c.i.u.g.PublishedGradleVersions - Gradle version information cache is out-of-date. Trying to update.
2019-06-10 20:53:42,185 [Worker-5: Loading available Gradle versions] INFO  o.e.b.c.i.u.g.PublishedGradleVersions - Gradle version information cache is up-to-date. Trying to read.
2019-06-11 07:53:33,945 [Worker-1: Loading available Gradle versions] INFO  o.e.b.c.i.u.g.PublishedGradleVersions - Gradle version information cache is up-to-date. Trying to read.
2019-06-11 08:14:47,623 [Worker-0: Loading available Gradle versions] INFO  o.e.b.c.i.u.g.PublishedGradleVersions - Gradle version information cache is up-to-date. Trying to read.
